<?xml version="1.0" encoding="UTF-8" ?>
<testsuite errors="0" failures="1" hostname="localhost.localdomain" name="control.CarreraControllerTests" tests="1" time="0.665" timestamp="2013-09-18T23:03:47">
  <properties />
  <testcase classname="control.CarreraControllerTests" name="testSomething" time="0.661">
    <failure message="junit.framework.AssertionFailedError: Implement me" type="junit.framework.AssertionFailedError">junit.framework.AssertionFailedError: junit.framework.AssertionFailedError: Implement me
	at control.CarreraControllerTests.testSomething(CarreraControllerTests.groovy:15)
</failure>
  </testcase>
  <system-out><![CDATA[--Output from testSomething--
]]></system-out>
  <system-err><![CDATA[--Output from testSomething--
]]></system-err>
</testsuite>
